<?xml version="1.0" encoding="UTF-8"?>
<!-- Generated by org.testng.reporters.JUnitReportReporter -->
<testsuite hostname="DESKTOP-ICAQR6F" failures="0" tests="4" name="javaPackage.TestNG3" time="0.043" errors="0" timestamp="2025-07-25T18:46:40 IST" skipped="0">
  <testcase classname="javaPackage.TestNG3" name="a" time="0.031"/>
  <testcase classname="javaPackage.TestNG3" name="c" time="0.005"/>
  <testcase classname="javaPackage.TestNG3" name="d" time="0.003"/>
  <testcase classname="javaPackage.TestNG3" name="b" time="0.004"/>
</testsuite> <!-- javaPackage.TestNG3 -->
