<?xml version="1.0" encoding="UTF-8"?>
<!-- Generated by org.testng.reporters.JUnitReportReporter -->
<testsuite hostname="DESKTOP-ICAQR6F" failures="0" tests="3" name="javaPackage.TestNG1" time="0.040" errors="0" timestamp="2025-07-25T18:48:17 IST" skipped="0">
  <testcase classname="javaPackage.TestNG1" name="a1" time="0.014"/>
  <testcase classname="javaPackage.TestNG1" name="a2" time="0.008"/>
  <testcase classname="javaPackage.TestNG1" name="A1" time="0.018"/>
</testsuite> <!-- javaPackage.TestNG1 -->
