<?xml version="1.0" encoding="UTF-8"?>
<!-- Generated by org.testng.reporters.JUnitReportReporter -->
<testsuite hostname="DESKTOP-ICAQR6F" failures="0" tests="4" name="javaPackage.TestNG2" time="0.036" errors="0" timestamp="2025-07-25T18:41:04 IST" skipped="0">
  <testcase classname="javaPackage.TestNG2" name="ab" time="0.003"/>
  <testcase classname="javaPackage.TestNG2" name="a1" time="0.023"/>
  <testcase classname="javaPackage.TestNG2" name="z" time="0.006"/>
  <testcase classname="javaPackage.TestNG2" name="a3" time="0.004"/>
</testsuite> <!-- javaPackage.TestNG2 -->
