<?xml version="1.0" encoding="UTF-8"?>
<testng-results ignored="0" total="3" passed="3" failed="0" skipped="0">
  <reporter-output>
  </reporter-output>
  <suite started-at="2025-07-25T18:48:16 IST" name="Default suite" finished-at="2025-07-25T18:48:16 IST" duration-ms="168">
    <groups>
    </groups>
    <test started-at="2025-07-25T18:48:16 IST" name="Default test" finished-at="2025-07-25T18:48:16 IST" duration-ms="168">
      <class name="javaPackage.TestNG1">
        <test-method is-config="true" signature="C()[pri:0, instance:javaPackage.TestNG1@bcec361]" started-at="2025-07-25T18:48:16 IST" name="C" finished-at="2025-07-25T18:48:16 IST" duration-ms="18" status="PASS">
          <reporter-output>
          </reporter-output>
        </test-method> <!-- C -->
        <test-method is-config="true" signature="b()[pri:0, instance:javaPackage.TestNG1@bcec361]" started-at="2025-07-25T18:48:16 IST" name="b" finished-at="2025-07-25T18:48:16 IST" duration-ms="1" status="PASS">
          <reporter-output>
          </reporter-output>
        </test-method> <!-- b -->
        <test-method is-config="true" signature="e()[pri:0, instance:javaPackage.TestNG1@bcec361]" started-at="2025-07-25T18:48:16 IST" name="e" finished-at="2025-07-25T18:48:16 IST" duration-ms="1" status="PASS">
          <reporter-output>
          </reporter-output>
        </test-method> <!-- e -->
        <test-method is-config="true" signature="h()[pri:0, instance:javaPackage.TestNG1@bcec361]" started-at="2025-07-25T18:48:16 IST" name="h" finished-at="2025-07-25T18:48:16 IST" duration-ms="2" status="PASS">
          <reporter-output>
          </reporter-output>
        </test-method> <!-- h -->
        <test-method signature="A1()[pri:0, instance:javaPackage.TestNG1@bcec361]" started-at="2025-07-25T18:48:16 IST" name="A1" finished-at="2025-07-25T18:48:16 IST" duration-ms="16" status="PASS">
          <reporter-output>
          </reporter-output>
        </test-method> <!-- A1 -->
        <test-method is-config="true" signature="d()[pri:0, instance:javaPackage.TestNG1@bcec361]" started-at="2025-07-25T18:48:16 IST" name="d" finished-at="2025-07-25T18:48:16 IST" duration-ms="3" status="PASS">
          <reporter-output>
          </reporter-output>
        </test-method> <!-- d -->
        <test-method is-config="true" signature="h()[pri:0, instance:javaPackage.TestNG1@bcec361]" started-at="2025-07-25T18:48:16 IST" name="h" finished-at="2025-07-25T18:48:16 IST" duration-ms="1" status="PASS">
          <reporter-output>
          </reporter-output>
        </test-method> <!-- h -->
        <test-method signature="a1()[pri:0, instance:javaPackage.TestNG1@bcec361]" started-at="2025-07-25T18:48:16 IST" name="a1" finished-at="2025-07-25T18:48:16 IST" duration-ms="10" status="PASS">
          <reporter-output>
          </reporter-output>
        </test-method> <!-- a1 -->
        <test-method is-config="true" signature="d()[pri:0, instance:javaPackage.TestNG1@bcec361]" started-at="2025-07-25T18:48:16 IST" name="d" finished-at="2025-07-25T18:48:16 IST" duration-ms="1" status="PASS">
          <reporter-output>
          </reporter-output>
        </test-method> <!-- d -->
        <test-method is-config="true" signature="h()[pri:0, instance:javaPackage.TestNG1@bcec361]" started-at="2025-07-25T18:48:16 IST" name="h" finished-at="2025-07-25T18:48:16 IST" duration-ms="1" status="PASS">
          <reporter-output>
          </reporter-output>
        </test-method> <!-- h -->
        <test-method signature="a2()[pri:0, instance:javaPackage.TestNG1@bcec361]" started-at="2025-07-25T18:48:16 IST" name="a2" finished-at="2025-07-25T18:48:16 IST" duration-ms="4" status="PASS">
          <reporter-output>
          </reporter-output>
        </test-method> <!-- a2 -->
        <test-method is-config="true" signature="d()[pri:0, instance:javaPackage.TestNG1@bcec361]" started-at="2025-07-25T18:48:16 IST" name="d" finished-at="2025-07-25T18:48:16 IST" duration-ms="2" status="PASS">
          <reporter-output>
          </reporter-output>
        </test-method> <!-- d -->
        <test-method is-config="true" signature="g()[pri:0, instance:javaPackage.TestNG1@bcec361]" started-at="2025-07-25T18:48:16 IST" name="g" finished-at="2025-07-25T18:48:16 IST" duration-ms="1" status="PASS">
          <reporter-output>
          </reporter-output>
        </test-method> <!-- g -->
        <test-method is-config="true" signature="f()[pri:0, instance:javaPackage.TestNG1@bcec361]" started-at="2025-07-25T18:48:16 IST" name="f" finished-at="2025-07-25T18:48:16 IST" duration-ms="1" status="PASS">
          <reporter-output>
          </reporter-output>
        </test-method> <!-- f -->
        <test-method is-config="true" signature="i()[pri:0, instance:javaPackage.TestNG1@bcec361]" started-at="2025-07-25T18:48:17 IST" name="i" finished-at="2025-07-25T18:48:17 IST" duration-ms="1" status="PASS">
          <reporter-output>
          </reporter-output>
        </test-method> <!-- i -->
      </class> <!-- javaPackage.TestNG1 -->
    </test> <!-- Default test -->
  </suite> <!-- Default suite -->
</testng-results>
