<?xml version="1.0" encoding="UTF-8"?>
<!-- Generated by org.testng.reporters.JUnitXMLReporter -->
<testsuite ignored="0" hostname="DESKTOP-ICAQR6F" failures="0" tests="3" name="Default test" time="0.168" errors="0" timestamp="2025-07-25T18:48:16 IST">
  <testcase classname="javaPackage.TestNG1" name="A1" time="0.016"/>
  <testcase classname="javaPackage.TestNG1" name="a1" time="0.01"/>
  <testcase classname="javaPackage.TestNG1" name="a2" time="0.004"/>
</testsuite> <!-- Default test -->
